2019-01-28 01:30:17,275 - api - INFO - Received Sensor Feedback for device 10
2019-01-28 01:30:17,294 - api - INFO - data: {'timestamp': u'2019-01-28 01:30:15', 'setpoint': None, 'type': u'lock', 'value': u'0'}
2019-01-28 01:30:17,382 - controller - INFO - Send Sensor Data: [{'localId': u'10', 'value': u'0', 'sensorType': u'lock', 'timeIssued': '2019-01-28 01:30:15', 'deviceId': 71059, 'gatewayId': 71050, 'uid': 17082}]
127.0.0.1 - - [2019-01-28 01:30:17] "POST /api/devices/10 HTTP/1.1" 201 131 0.198271
2019-01-28 01:30:24,966 - api - INFO - Received Sensor Feedback for device 10
2019-01-28 01:30:24,984 - api - INFO - data: {'timestamp': u'2019-01-28 01:30:23', 'setpoint': None, 'type': u'lock', 'value': u'255'}
2019-01-28 01:30:25,073 - controller - INFO - Send Sensor Data: [{'localId': u'10', 'value': u'255', 'sensorType': u'lock', 'timeIssued': '2019-01-28 01:30:23', 'deviceId': 71059, 'gatewayId': 71050, 'uid': 17083}]
127.0.0.1 - - [2019-01-28 01:30:25] "POST /api/devices/10 HTTP/1.1" 201 131 0.189445
2019-01-28 01:30:17,275 - api - INFO - Received Sensor Feedback for device 10
2019-01-28 01:30:17,294 - api - INFO - data: {'timestamp': u'2019-01-28 01:30:15', 'setpoint': None, 'type': u'lock', 'value': u'0'}
2019-01-28 01:30:17,382 - controller - INFO - Send Sensor Data: [{'localId': u'10', 'value': u'0', 'sensorType': u'lock', 'timeIssued': '2019-01-28 01:30:15', 'deviceId': 71059, 'gatewayId': 71050, 'uid': 17082}]
127.0.0.1 - - [2019-01-28 01:30:17] "POST /api/devices/10 HTTP/1.1" 201 131 0.198271
2019-01-28 01:30:24,966 - api - INFO - Received Sensor Feedback for device 10
2019-01-28 01:30:24,984 - api - INFO - data: {'timestamp': u'2019-01-28 01:30:23', 'setpoint': None, 'type': u'lock', 'value': u'255'}
2019-01-28 01:30:25,073 - controller - INFO - Send Sensor Data: [{'localId': u'10', 'value': u'255', 'sensorType': u'lock', 'timeIssued': '2019-01-28 01:30:23', 'deviceId': 71059, 'gatewayId': 71050, 'uid': 17083}]
127.0.0.1 - - [2019-01-28 01:30:25] "POST /api/devices/10 HTTP/1.1" 201 131 0.189445
2019-01-28 01:30:17,275 - api - INFO - Received Sensor Feedback for device 10
2019-01-28 01:30:17,294 - api - INFO - data: {'timestamp': u'2019-01-28 01:30:15', 'setpoint': None, 'type': u'lock', 'value': u'0'}
2019-01-28 01:30:17,382 - controller - INFO - Send Sensor Data: [{'localId': u'10', 'value': u'0', 'sensorType': u'lock', 'timeIssued': '2019-01-28 01:30:15', 'deviceId': 71059, 'gatewayId': 71050, 'uid': 17082}]
127.0.0.1 - - [2019-01-28 01:30:17] "POST /api/devices/10 HTTP/1.1" 201 131 0.198271
2019-01-28 01:30:24,966 - api - INFO - Received Sensor Feedback for device 10
2019-01-28 01:30:24,984 - api - INFO - data: {'timestamp': u'2019-01-28 01:30:23', 'setpoint': None, 'type': u'lock', 'value': u'255'}
2019-01-28 01:30:25,073 - controller - INFO - Send Sensor Data: [{'localId': u'10', 'value': u'255', 'sensorType': u'lock', 'timeIssued': '2019-01-28 01:30:23', 'deviceId': 71059, 'gatewayId': 71050, 'uid': 17083}]
127.0.0.1 - - [2019-01-28 01:30:25] "POST /api/devices/10 HTTP/1.1" 201 131 0.189445
2019-01-28 01:30:17,275 - api - INFO - Received Sensor Feedback for device 10
2019-01-28 01:30:17,294 - api - INFO - data: {'timestamp': u'2019-01-28 01:30:15', 'setpoint': None, 'type': u'lock', 'value': u'0'}
2019-01-28 01:30:17,382 - controller - INFO - Send Sensor Data: [{'localId': u'10', 'value': u'0', 'sensorType': u'lock', 'timeIssued': '2019-01-28 01:30:15', 'deviceId': 71059, 'gatewayId': 71050, 'uid': 17082}]
127.0.0.1 - - [2019-01-28 01:30:17] "POST /api/devices/10 HTTP/1.1" 201 131 0.198271
2019-01-28 01:30:24,966 - api - INFO - Received Sensor Feedback for device 10
2019-01-28 01:30:24,984 - api - INFO - data: {'timestamp': u'2019-01-28 01:30:23', 'setpoint': None, 'type': u'lock', 'value': u'255'}
2019-01-28 01:30:25,073 - controller - INFO - Send Sensor Data: [{'localId': u'10', 'value': u'255', 'sensorType': u'lock', 'timeIssued': '2019-01-28 01:30:23', 'deviceId': 71059, 'gatewayId': 71050, 'uid': 17083}]
127.0.0.1 - - [2019-01-28 01:30:25] "POST /api/devices/10 HTTP/1.1" 201 131 0.189445
2019-01-28 01:30:17,275 - api - INFO - Received Sensor Feedback for device 10
2019-01-28 01:30:17,294 - api - INFO - data: {'timestamp': u'2019-01-28 01:30:15', 'setpoint': None, 'type': u'lock', 'value': u'0'}
2019-01-28 01:30:17,382 - controller - INFO - Send Sensor Data: [{'localId': u'10', 'value': u'0', 'sensorType': u'lock', 'timeIssued': '2019-01-28 01:30:15', 'deviceId': 71059, 'gatewayId': 71050, 'uid': 17082}]
127.0.0.1 - - [2019-01-28 01:30:17] "POST /api/devices/10 HTTP/1.1" 201 131 0.198271
2019-01-28 01:30:24,966 - api - INFO - Received Sensor Feedback for device 10
2019-01-28 01:30:24,984 - api - INFO - data: {'timestamp': u'2019-01-28 01:30:23', 'setpoint': None, 'type': u'lock', 'value': u'255'}
2019-01-28 01:30:25,073 - controller - INFO - Send Sensor Data: [{'localId': u'10', 'value': u'255', 'sensorType': u'lock', 'timeIssued': '2019-01-28 01:30:23', 'deviceId': 71059, 'gatewayId': 71050, 'uid': 17083}]
127.0.0.1 - - [2019-01-28 01:30:25] "POST /api/devices/10 HTTP/1.1" 201 131 0.189445
2019-01-28 01:30:17,275 - api - INFO - Received Sensor Feedback for device 10
2019-01-28 01:30:17,294 - api - INFO - data: {'timestamp': u'2019-01-28 01:30:15', 'setpoint': None, 'type': u'lock', 'value': u'0'}
2019-01-28 01:30:17,382 - controller - INFO - Send Sensor Data: [{'localId': u'10', 'value': u'0', 'sensorType': u'lock', 'timeIssued': '2019-01-28 01:30:15', 'deviceId': 71059, 'gatewayId': 71050, 'uid': 17082}]
127.0.0.1 - - [2019-01-28 01:30:17] "POST /api/devices/10 HTTP/1.1" 201 131 0.198271
2019-01-28 01:30:24,966 - api - INFO - Received Sensor Feedback for device 10
2019-01-28 01:30:24,984 - api - INFO - data: {'timestamp': u'2019-01-28 01:30:23', 'setpoint': None, 'type': u'lock', 'value': u'255'}
2019-01-28 01:30:25,073 - controller - INFO - Send Sensor Data: [{'localId': u'10', 'value': u'255', 'sensorType': u'lock', 'timeIssued': '2019-01-28 01:30:23', 'deviceId': 71059, 'gatewayId': 71050, 'uid': 17083}]
127.0.0.1 - - [2019-01-28 01:30:25] "POST /api/devices/10 HTTP/1.1" 201 131 0.189445
2019-01-28 01:30:17,275 - api - INFO - Received Sensor Feedback for device 10
2019-01-28 01:30:17,294 - api - INFO - data: {'timestamp': u'2019-01-28 01:30:15', 'setpoint': None, 'type': u'lock', 'value': u'0'}
2019-01-28 01:30:17,382 - controller - INFO - Send Sensor Data: [{'localId': u'10', 'value': u'0', 'sensorType': u'lock', 'timeIssued': '2019-01-28 01:30:15', 'deviceId': 71059, 'gatewayId': 71050, 'uid': 17082}]
127.0.0.1 - - [2019-01-28 01:30:17] "POST /api/devices/10 HTTP/1.1" 201 131 0.198271
2019-01-28 01:30:24,966 - api - INFO - Received Sensor Feedback for device 10
2019-01-28 01:30:24,984 - api - INFO - data: {'timestamp': u'2019-01-28 01:30:23', 'setpoint': None, 'type': u'lock', 'value': u'255'}
2019-01-28 01:30:25,073 - controller - INFO - Send Sensor Data: [{'localId': u'10', 'value': u'255', 'sensorType': u'lock', 'timeIssued': '2019-01-28 01:30:23', 'deviceId': 71059, 'gatewayId': 71050, 'uid': 17083}]
127.0.0.1 - - [2019-01-28 01:30:25] "POST /api/devices/10 HTTP/1.1" 201 131 0.189445
2019-01-28 01:30:17,275 - api - INFO - Received Sensor Feedback for device 10
2019-01-28 01:30:17,294 - api - INFO - data: {'timestamp': u'2019-01-28 01:30:15', 'setpoint': None, 'type': u'lock', 'value': u'0'}
2019-01-28 01:30:17,382 - controller - INFO - Send Sensor Data: [{'localId': u'10', 'value': u'0', 'sensorType': u'lock', 'timeIssued': '2019-01-28 01:30:15', 'deviceId': 71059, 'gatewayId': 71050, 'uid': 17082}]
127.0.0.1 - - [2019-01-28 01:30:17] "POST /api/devices/10 HTTP/1.1" 201 131 0.198271
2019-01-28 01:30:24,966 - api - INFO - Received Sensor Feedback for device 10
2019-01-28 01:30:24,984 - api - INFO - data: {'timestamp': u'2019-01-28 01:30:23', 'setpoint': None, 'type': u'lock', 'value': u'255'}
2019-01-28 01:30:25,073 - controller - INFO - Send Sensor Data: [{'localId': u'10', 'value': u'255', 'sensorType': u'lock', 'timeIssued': '2019-01-28 01:30:23', 'deviceId': 71059, 'gatewayId': 71050, 'uid': 17083}]
127.0.0.1 - - [2019-01-28 01:30:25] "POST /api/devices/10 HTTP/1.1" 201 131 0.189445
2019-01-28 01:30:17,275 - api - INFO - Received Sensor Feedback for device 10
2019-01-28 01:30:17,294 - api - INFO - data: {'timestamp': u'2019-01-28 01:30:15', 'setpoint': None, 'type': u'lock', 'value': u'0'}
2019-01-28 01:30:17,382 - controller - INFO - Send Sensor Data: [{'localId': u'10', 'value': u'0', 'sensorType': u'lock', 'timeIssued': '2019-01-28 01:30:15', 'deviceId': 71059, 'gatewayId': 71050, 'uid': 17082}]
127.0.0.1 - - [2019-01-28 01:30:17] "POST /api/devices/10 HTTP/1.1" 201 131 0.198271
2019-01-28 01:30:24,966 - api - INFO - Received Sensor Feedback for device 10
2019-01-28 01:30:24,984 - api - INFO - data: {'timestamp': u'2019-01-28 01:30:23', 'setpoint': None, 'type': u'lock', 'value': u'255'}
2019-01-28 01:30:25,073 - controller - INFO - Send Sensor Data: [{'localId': u'10', 'value': u'255', 'sensorType': u'lock', 'timeIssued': '2019-01-28 01:30:23', 'deviceId': 71059, 'gatewayId': 71050, 'uid': 17083}]
127.0.0.1 - - [2019-01-28 01:30:25] "POST /api/devices/10 HTTP/1.1" 201 131 0.189445
2019-01-28 01:30:17,275 - api - INFO - Received Sensor Feedback for device 10
2019-01-28 01:30:17,294 - api - INFO - data: {'timestamp': u'2019-01-28 01:30:15', 'setpoint': None, 'type': u'lock', 'value': u'0'}
2019-01-28 01:30:17,382 - controller - INFO - Send Sensor Data: [{'localId': u'10', 'value': u'0', 'sensorType': u'lock', 'timeIssued': '2019-01-28 01:30:15', 'deviceId': 71059, 'gatewayId': 71050, 'uid': 17082}]
127.0.0.1 - - [2019-01-28 01:30:17] "POST /api/devices/10 HTTP/1.1" 201 131 0.198271
2019-01-28 01:30:24,966 - api - INFO - Received Sensor Feedback for device 10
2019-01-28 01:30:24,984 - api - INFO - data: {'timestamp': u'2019-01-28 01:30:23', 'setpoint': None, 'type': u'lock', 'value': u'255'}
2019-01-28 01:30:25,073 - controller - INFO - Send Sensor Data: [{'localId': u'10', 'value': u'255', 'sensorType': u'lock', 'timeIssued': '2019-01-28 01:30:23', 'deviceId': 71059, 'gatewayId': 71050, 'uid': 17083}]
127.0.0.1 - - [2019-01-28 01:30:25] "POST /api/devices/10 HTTP/1.1" 201 131 0.189445
2019-01-28 01:30:17,275 - api - INFO - Received Sensor Feedback for device 10
2019-01-28 01:30:17,294 - api - INFO - data: {'timestamp': u'2019-01-28 01:30:15', 'setpoint': None, 'type': u'lock', 'value': u'0'}
2019-01-28 01:30:17,382 - controller - INFO - Send Sensor Data: [{'localId': u'10', 'value': u'0', 'sensorType': u'lock', 'timeIssued': '2019-01-28 01:30:15', 'deviceId': 71059, 'gatewayId': 71050, 'uid': 17082}]
127.0.0.1 - - [2019-01-28 01:30:17] "POST /api/devices/10 HTTP/1.1" 201 131 0.198271
2019-01-28 01:30:24,966 - api - INFO - Received Sensor Feedback for device 10
2019-01-28 01:30:24,984 - api - INFO - data: {'timestamp': u'2019-01-28 01:30:23', 'setpoint': None, 'type': u'lock', 'value': u'255'}
2019-01-28 01:30:25,073 - controller - INFO - Send Sensor Data: [{'localId': u'10', 'value': u'255', 'sensorType': u'lock', 'timeIssued': '2019-01-28 01:30:23', 'deviceId': 71059, 'gatewayId': 71050, 'uid': 17083}]
127.0.0.1 - - [2019-01-28 01:30:25] "POST /api/devices/10 HTTP/1.1" 201 131 0.189445
2019-01-28 01:30:17,275 - api - INFO - Received Sensor Feedback for device 10
2019-01-28 01:30:17,294 - api - INFO - data: {'timestamp': u'2019-01-28 01:30:15', 'setpoint': None, 'type': u'lock', 'value': u'0'}
2019-01-28 01:30:17,382 - controller - INFO - Send Sensor Data: [{'localId': u'10', 'value': u'0', 'sensorType': u'lock', 'timeIssued': '2019-01-28 01:30:15', 'deviceId': 71059, 'gatewayId': 71050, 'uid': 17082}]
127.0.0.1 - - [2019-01-28 01:30:17] "POST /api/devices/10 HTTP/1.1" 201 131 0.198271
2019-01-28 01:30:24,966 - api - INFO - Received Sensor Feedback for device 10
2019-01-28 01:30:24,984 - api - INFO - data: {'timestamp': u'2019-01-28 01:30:23', 'setpoint': None, 'type': u'lock', 'value': u'255'}
2019-01-28 01:30:25,073 - controller - INFO - Send Sensor Data: [{'localId': u'10', 'value': u'255', 'sensorType': u'lock', 'timeIssued': '2019-01-28 01:30:23', 'deviceId': 71059, 'gatewayId': 71050, 'uid': 17083}]
127.0.0.1 - - [2019-01-28 01:30:25] "POST /api/devices/10 HTTP/1.1" 201 131 0.189445
2019-01-28 01:30:17,275 - api - INFO - Received Sensor Feedback for device 10
2019-01-28 01:30:17,294 - api - INFO - data: {'timestamp': u'2019-01-28 01:30:15', 'setpoint': None, 'type': u'lock', 'value': u'0'}
2019-01-28 01:30:17,382 - controller - INFO - Send Sensor Data: [{'localId': u'10', 'value': u'0', 'sensorType': u'lock', 'timeIssued': '2019-01-28 01:30:15', 'deviceId': 71059, 'gatewayId': 71050, 'uid': 17082}]
127.0.0.1 - - [2019-01-28 01:30:17] "POST /api/devices/10 HTTP/1.1" 201 131 0.198271
2019-01-28 01:30:24,966 - api - INFO - Received Sensor Feedback for device 10
2019-01-28 01:30:24,984 - api - INFO - data: {'timestamp': u'2019-01-28 01:30:23', 'setpoint': None, 'type': u'lock', 'value': u'255'}
2019-01-28 01:30:25,073 - controller - INFO - Send Sensor Data: [{'localId': u'10', 'value': u'255', 'sensorType': u'lock', 'timeIssued': '2019-01-28 01:30:23', 'deviceId': 71059, 'gatewayId': 71050, 'uid': 17083}]
127.0.0.1 - - [2019-01-28 01:30:25] "POST /api/devices/10 HTTP/1.1" 201 131 0.189445
2019-01-28 01:30:17,275 - api - INFO - Received Sensor Feedback for device 10
2019-01-28 01:30:17,294 - api - INFO - data: {'timestamp': u'2019-01-28 01:30:15', 'setpoint': None, 'type': u'lock', 'value': u'0'}
2019-01-28 01:30:17,382 - controller - INFO - Send Sensor Data: [{'localId': u'10', 'value': u'0', 'sensorType': u'lock', 'timeIssued': '2019-01-28 01:30:15', 'deviceId': 71059, 'gatewayId': 71050, 'uid': 17082}]
127.0.0.1 - - [2019-01-28 01:30:17] "POST /api/devices/10 HTTP/1.1" 201 131 0.198271
2019-01-28 01:30:24,966 - api - INFO - Received Sensor Feedback for device 10
2019-01-28 01:30:24,984 - api - INFO - data: {'timestamp': u'2019-01-28 01:30:23', 'setpoint': None, 'type': u'lock', 'value': u'255'}
2019-01-28 01:30:25,073 - controller - INFO - Send Sensor Data: [{'localId': u'10', 'value': u'255', 'sensorType': u'lock', 'timeIssued': '2019-01-28 01:30:23', 'deviceId': 71059, 'gatewayId': 71050, 'uid': 17083}]
127.0.0.1 - - [2019-01-28 01:30:25] "POST /api/devices/10 HTTP/1.1" 201 131 0.189445
2019-01-28 01:30:17,275 - api - INFO - Received Sensor Feedback for device 10
2019-01-28 01:30:17,294 - api - INFO - data: {'timestamp': u'2019-01-28 01:30:15', 'setpoint': None, 'type': u'lock', 'value': u'0'}
2019-01-28 01:30:17,382 - controller - INFO - Send Sensor Data: [{'localId': u'10', 'value': u'0', 'sensorType': u'lock', 'timeIssued': '2019-01-28 01:30:15', 'deviceId': 71059, 'gatewayId': 71050, 'uid': 17082}]
127.0.0.1 - - [2019-01-28 01:30:17] "POST /api/devices/10 HTTP/1.1" 201 131 0.198271
2019-01-28 01:30:24,966 - api - INFO - Received Sensor Feedback for device 10
2019-01-28 01:30:24,984 - api - INFO - data: {'timestamp': u'2019-01-28 01:30:23', 'setpoint': None, 'type': u'lock', 'value': u'255'}
2019-01-28 01:30:25,073 - controller - INFO - Send Sensor Data: [{'localId': u'10', 'value': u'255', 'sensorType': u'lock', 'timeIssued': '2019-01-28 01:30:23', 'deviceId': 71059, 'gatewayId': 71050, 'uid': 17083}]
127.0.0.1 - - [2019-01-28 01:30:25] "POST /api/devices/10 HTTP/1.1" 201 131 0.189445
2019-01-28 01:30:17,275 - api - INFO - Received Sensor Feedback for device 10
2019-01-28 01:30:17,294 - api - INFO - data: {'timestamp': u'2019-01-28 01:30:15', 'setpoint': None, 'type': u'lock', 'value': u'0'}
2019-01-28 01:30:17,382 - controller - INFO - Send Sensor Data: [{'localId': u'10', 'value': u'0', 'sensorType': u'lock', 'timeIssued': '2019-01-28 01:30:15', 'deviceId': 71059, 'gatewayId': 71050, 'uid': 17082}]
127.0.0.1 - - [2019-01-28 01:30:17] "POST /api/devices/10 HTTP/1.1" 201 131 0.198271
2019-01-28 01:30:24,966 - api - INFO - Received Sensor Feedback for device 10
2019-01-28 01:30:24,984 - api - INFO - data: {'timestamp': u'2019-01-28 01:30:23', 'setpoint': None, 'type': u'lock', 'value': u'255'}
2019-01-28 01:30:25,073 - controller - INFO - Send Sensor Data: [{'localId': u'10', 'value': u'255', 'sensorType': u'lock', 'timeIssued': '2019-01-28 01:30:23', 'deviceId': 71059, 'gatewayId': 71050, 'uid': 17083}]
127.0.0.1 - - [2019-01-28 01:30:25] "POST /api/devices/10 HTTP/1.1" 201 131 0.189445
2019-01-28 01:30:17,275 - api - INFO - Received Sensor Feedback for device 10
2019-01-28 01:30:17,294 - api - INFO - data: {'timestamp': u'2019-01-28 01:30:15', 'setpoint': None, 'type': u'lock', 'value': u'0'}
2019-01-28 01:30:17,382 - controller - INFO - Send Sensor Data: [{'localId': u'10', 'value': u'0', 'sensorType': u'lock', 'timeIssued': '2019-01-28 01:30:15', 'deviceId': 71059, 'gatewayId': 71050, 'uid': 17082}]
127.0.0.1 - - [2019-01-28 01:30:17] "POST /api/devices/10 HTTP/1.1" 201 131 0.198271
2019-01-28 01:30:24,966 - api - INFO - Received Sensor Feedback for device 10
2019-01-28 01:30:24,984 - api - INFO - data: {'timestamp': u'2019-01-28 01:30:23', 'setpoint': None, 'type': u'lock', 'value': u'255'}
2019-01-28 01:30:25,073 - controller - INFO - Send Sensor Data: [{'localId': u'10', 'value': u'255', 'sensorType': u'lock', 'timeIssued': '2019-01-28 01:30:23', 'deviceId': 71059, 'gatewayId': 71050, 'uid': 17083}]
127.0.0.1 - - [2019-01-28 01:30:25] "POST /api/devices/10 HTTP/1.1" 201 131 0.189445
2019-01-28 01:30:17,275 - api - INFO - Received Sensor Feedback for device 10
2019-01-28 01:30:17,294 - api - INFO - data: {'timestamp': u'2019-01-28 01:30:15', 'setpoint': None, 'type': u'lock', 'value': u'0'}
2019-01-28 01:30:17,382 - controller - INFO - Send Sensor Data: [{'localId': u'10', 'value': u'0', 'sensorType': u'lock', 'timeIssued': '2019-01-28 01:30:15', 'deviceId': 71059, 'gatewayId': 71050, 'uid': 17082}]
127.0.0.1 - - [2019-01-28 01:30:17] "POST /api/devices/10 HTTP/1.1" 201 131 0.198271
2019-01-28 01:30:24,966 - api - INFO - Received Sensor Feedback for device 10
2019-01-28 01:30:24,984 - api - INFO - data: {'timestamp': u'2019-01-28 01:30:23', 'setpoint': None, 'type': u'lock', 'value': u'255'}
2019-01-28 01:30:25,073 - controller - INFO - Send Sensor Data: [{'localId': u'10', 'value': u'255', 'sensorType': u'lock', 'timeIssued': '2019-01-28 01:30:23', 'deviceId': 71059, 'gatewayId': 71050, 'uid': 17083}]
127.0.0.1 - - [2019-01-28 01:30:25] "POST /api/devices/10 HTTP/1.1" 201 131 0.189445
2019-01-28 01:30:17,275 - api - INFO - Received Sensor Feedback for device 10
2019-01-28 01:30:17,294 - api - INFO - data: {'timestamp': u'2019-01-28 01:30:15', 'setpoint': None, 'type': u'lock', 'value': u'0'}
2019-01-28 01:30:17,382 - controller - INFO - Send Sensor Data: [{'localId': u'10', 'value': u'0', 'sensorType': u'lock', 'timeIssued': '2019-01-28 01:30:15', 'deviceId': 71059, 'gatewayId': 71050, 'uid': 17082}]
127.0.0.1 - - [2019-01-28 01:30:17] "POST /api/devices/10 HTTP/1.1" 201 131 0.198271
2019-01-28 01:30:24,966 - api - INFO - Received Sensor Feedback for device 10
2019-01-28 01:30:24,984 - api - INFO - data: {'timestamp': u'2019-01-28 01:30:23', 'setpoint': None, 'type': u'lock', 'value': u'255'}
2019-01-28 01:30:25,073 - controller - INFO - Send Sensor Data: [{'localId': u'10', 'value': u'255', 'sensorType': u'lock', 'timeIssued': '2019-01-28 01:30:23', 'deviceId': 71059, 'gatewayId': 71050, 'uid': 17083}]
127.0.0.1 - - [2019-01-28 01:30:25] "POST /api/devices/10 HTTP/1.1" 201 131 0.189445
2019-01-28 01:30:17,275 - api - INFO - Received Sensor Feedback for device 10
2019-01-28 01:30:17,294 - api - INFO - data: {'timestamp': u'2019-01-28 01:30:15', 'setpoint': None, 'type': u'lock', 'value': u'0'}
2019-01-28 01:30:17,382 - controller - INFO - Send Sensor Data: [{'localId': u'10', 'value': u'0', 'sensorType': u'lock', 'timeIssued': '2019-01-28 01:30:15', 'deviceId': 71059, 'gatewayId': 71050, 'uid': 17082}]
127.0.0.1 - - [2019-01-28 01:30:17] "POST /api/devices/10 HTTP/1.1" 201 131 0.198271
2019-01-28 01:30:24,966 - api - INFO - Received Sensor Feedback for device 10
2019-01-28 01:30:24,984 - api - INFO - data: {'timestamp': u'2019-01-28 01:30:23', 'setpoint': None, 'type': u'lock', 'value': u'255'}
2019-01-28 01:30:25,073 - controller - INFO - Send Sensor Data: [{'localId': u'10', 'value': u'255', 'sensorType': u'lock', 'timeIssued': '2019-01-28 01:30:23', 'deviceId': 71059, 'gatewayId': 71050, 'uid': 17083}]
127.0.0.1 - - [2019-01-28 01:30:25] "POST /api/devices/10 HTTP/1.1" 201 131 0.189445
2019-01-28 01:30:17,275 - api - INFO - Received Sensor Feedback for device 10
2019-01-28 01:30:17,294 - api - INFO - data: {'timestamp': u'2019-01-28 01:30:15', 'setpoint': None, 'type': u'lock', 'value': u'0'}
2019-01-28 01:30:17,382 - controller - INFO - Send Sensor Data: [{'localId': u'10', 'value': u'0', 'sensorType': u'lock', 'timeIssued': '2019-01-28 01:30:15', 'deviceId': 71059, 'gatewayId': 71050, 'uid': 17082}]
127.0.0.1 - - [2019-01-28 01:30:17] "POST /api/devices/10 HTTP/1.1" 201 131 0.198271
2019-01-28 01:30:24,966 - api - INFO - Received Sensor Feedback for device 10
2019-01-28 01:30:24,984 - api - INFO - data: {'timestamp': u'2019-01-28 01:30:23', 'setpoint': None, 'type': u'lock', 'value': u'255'}
2019-01-28 01:30:25,073 - controller - INFO - Send Sensor Data: [{'localId': u'10', 'value': u'255', 'sensorType': u'lock', 'timeIssued': '2019-01-28 01:30:23', 'deviceId': 71059, 'gatewayId': 71050, 'uid': 17083}]
127.0.0.1 - - [2019-01-28 01:30:25] "POST /api/devices/10 HTTP/1.1" 201 131 0.189445
2019-01-28 01:30:17,275 - api - INFO - Received Sensor Feedback for device 10
2019-01-28 01:30:17,294 - api - INFO - data: {'timestamp': u'2019-01-28 01:30:15', 'setpoint': None, 'type': u'lock', 'value': u'0'}
2019-01-28 01:30:17,382 - controller - INFO - Send Sensor Data: [{'localId': u'10', 'value': u'0', 'sensorType': u'lock', 'timeIssued': '2019-01-28 01:30:15', 'deviceId': 71059, 'gatewayId': 71050, 'uid': 17082}]
127.0.0.1 - - [2019-01-28 01:30:17] "POST /api/devices/10 HTTP/1.1" 201 131 0.198271
2019-01-28 01:30:24,966 - api - INFO - Received Sensor Feedback for device 10
2019-01-28 01:30:24,984 - api - INFO - data: {'timestamp': u'2019-01-28 01:30:23', 'setpoint': None, 'type': u'lock', 'value': u'255'}
2019-01-28 01:30:25,073 - controller - INFO - Send Sensor Data: [{'localId': u'10', 'value': u'255', 'sensorType': u'lock', 'timeIssued': '2019-01-28 01:30:23', 'deviceId': 71059, 'gatewayId': 71050, 'uid': 17083}]
127.0.0.1 - - [2019-01-28 01:30:25] "POST /api/devices/10 HTTP/1.1" 201 131 0.189445
2019-01-28 01:30:17,275 - api - INFO - Received Sensor Feedback for device 10
2019-01-28 01:30:17,294 - api - INFO - data: {'timestamp': u'2019-01-28 01:30:15', 'setpoint': None, 'type': u'lock', 'value': u'0'}
2019-01-28 01:30:17,382 - controller - INFO - Send Sensor Data: [{'localId': u'10', 'value': u'0', 'sensorType': u'lock', 'timeIssued': '2019-01-28 01:30:15', 'deviceId': 71059, 'gatewayId': 71050, 'uid': 17082}]
127.0.0.1 - - [2019-01-28 01:30:17] "POST /api/devices/10 HTTP/1.1" 201 131 0.198271
2019-01-28 01:30:24,966 - api - INFO - Received Sensor Feedback for device 10
2019-01-28 01:30:24,984 - api - INFO - data: {'timestamp': u'2019-01-28 01:30:23', 'setpoint': None, 'type': u'lock', 'value': u'255'}
2019-01-28 01:30:25,073 - controller - INFO - Send Sensor Data: [{'localId': u'10', 'value': u'255', 'sensorType': u'lock', 'timeIssued': '2019-01-28 01:30:23', 'deviceId': 71059, 'gatewayId': 71050, 'uid': 17083}]
127.0.0.1 - - [2019-01-28 01:30:25] "POST /api/devices/10 HTTP/1.1" 201 131 0.189445
2019-01-28 01:30:17,275 - api - INFO - Received Sensor Feedback for device 10
2019-01-28 01:30:17,294 - api - INFO - data: {'timestamp': u'2019-01-28 01:30:15', 'setpoint': None, 'type': u'lock', 'value': u'0'}
2019-01-28 01:30:17,382 - controller - INFO - Send Sensor Data: [{'localId': u'10', 'value': u'0', 'sensorType': u'lock', 'timeIssued': '2019-01-28 01:30:15', 'deviceId': 71059, 'gatewayId': 71050, 'uid': 17082}]
127.0.0.1 - - [2019-01-28 01:30:17] "POST /api/devices/10 HTTP/1.1" 201 131 0.198271
2019-01-28 01:30:24,966 - api - INFO - Received Sensor Feedback for device 10
2019-01-28 01:30:24,984 - api - INFO - data: {'timestamp': u'2019-01-28 01:30:23', 'setpoint': None, 'type': u'lock', 'value': u'255'}
2019-01-28 01:30:25,073 - controller - INFO - Send Sensor Data: [{'localId': u'10', 'value': u'255', 'sensorType': u'lock', 'timeIssued': '2019-01-28 01:30:23', 'deviceId': 71059, 'gatewayId': 71050, 'uid': 17083}]
127.0.0.1 - - [2019-01-28 01:30:25] "POST /api/devices/10 HTTP/1.1" 201 131 0.189445
2019-01-28 01:28:38,064 - api - INFO - Received Sensor Feedback for device 13
2019-01-28 01:28:38,082 - api - INFO - data: {'timestamp': u'2019-01-28 01:28:36', 'setpoint': None, 'type': u'switchOn', 'value': u'on'}
2019-01-28 01:28:38,140 - controller - INFO - Send Sensor Data: [{'localId': u'13', 'value': u'on', 'sensorType': u'switchOn', 'timeIssued': '2019-01-28 01:28:36', 'deviceId': 71062, 'gatewayId': 71050, 'uid': 17080}]
2019-01-28 01:28:38,064 - api - INFO - Received Sensor Feedback for device 13
2019-01-28 01:28:38,082 - api - INFO - data: {'timestamp': u'2019-01-28 01:28:36', 'setpoint': None, 'type': u'switchOn', 'value': u'off'}
2019-01-28 01:28:38,140 - controller - INFO - Send Sensor Data: [{'localId': u'13', 'value': u'off', 'sensorType': u'switchOn', 'timeIssued': '2019-01-28 01:28:36', 'deviceId': 71062, 'gatewayId': 71050, 'uid': 17080}]
2019-01-28 01:28:38,064 - api - INFO - Received Sensor Feedback for device 13
2019-01-28 01:28:38,082 - api - INFO - data: {'timestamp': u'2019-01-28 01:28:36', 'setpoint': None, 'type': u'switchOn', 'value': u'on'}
2019-01-28 01:28:38,140 - controller - INFO - Send Sensor Data: [{'localId': u'13', 'value': u'on', 'sensorType': u'switchOn', 'timeIssued': '2019-01-28 01:28:36', 'deviceId': 71062, 'gatewayId': 71050, 'uid': 17080}]
2019-01-28 01:28:38,064 - api - INFO - Received Sensor Feedback for device 13
2019-01-28 01:28:38,082 - api - INFO - data: {'timestamp': u'2019-01-28 01:28:36', 'setpoint': None, 'type': u'switchOn', 'value': u'off'}
2019-01-28 01:28:38,140 - controller - INFO - Send Sensor Data: [{'localId': u'13', 'value': u'off', 'sensorType': u'switchOn', 'timeIssued': '2019-01-28 01:28:36', 'deviceId': 71062, 'gatewayId': 71050, 'uid': 17080}]
2019-01-28 01:28:38,064 - api - INFO - Received Sensor Feedback for device 13
2019-01-28 01:28:38,082 - api - INFO - data: {'timestamp': u'2019-01-28 01:28:36', 'setpoint': None, 'type': u'switchOn', 'value': u'on'}
2019-01-28 01:28:38,140 - controller - INFO - Send Sensor Data: [{'localId': u'13', 'value': u'on', 'sensorType': u'switchOn', 'timeIssued': '2019-01-28 01:28:36', 'deviceId': 71062, 'gatewayId': 71050, 'uid': 17080}]
2019-01-28 01:28:38,064 - api - INFO - Received Sensor Feedback for device 13
2019-01-28 01:28:38,082 - api - INFO - data: {'timestamp': u'2019-01-28 01:28:36', 'setpoint': None, 'type': u'switchOn', 'value': u'off'}
2019-01-28 01:28:38,140 - controller - INFO - Send Sensor Data: [{'localId': u'13', 'value': u'off', 'sensorType': u'switchOn', 'timeIssued': '2019-01-28 01:28:36', 'deviceId': 71062, 'gatewayId': 71050, 'uid': 17080}]
2019-01-28 01:28:38,064 - api - INFO - Received Sensor Feedback for device 13
2019-01-28 01:28:38,082 - api - INFO - data: {'timestamp': u'2019-01-28 01:28:36', 'setpoint': None, 'type': u'switchOn', 'value': u'on'}
2019-01-28 01:28:38,140 - controller - INFO - Send Sensor Data: [{'localId': u'13', 'value': u'on', 'sensorType': u'switchOn', 'timeIssued': '2019-01-28 01:28:36', 'deviceId': 71062, 'gatewayId': 71050, 'uid': 17080}]
2019-01-28 01:28:38,064 - api - INFO - Received Sensor Feedback for device 13
2019-01-28 01:28:38,082 - api - INFO - data: {'timestamp': u'2019-01-28 01:28:36', 'setpoint': None, 'type': u'switchOn', 'value': u'off'}
2019-01-28 01:28:38,140 - controller - INFO - Send Sensor Data: [{'localId': u'13', 'value': u'off', 'sensorType': u'switchOn', 'timeIssued': '2019-01-28 01:28:36', 'deviceId': 71062, 'gatewayId': 71050, 'uid': 17080}]
2019-01-28 01:28:38,064 - api - INFO - Received Sensor Feedback for device 13
2019-01-28 01:28:38,082 - api - INFO - data: {'timestamp': u'2019-01-28 01:28:36', 'setpoint': None, 'type': u'switchOn', 'value': u'on'}
2019-01-28 01:28:38,140 - controller - INFO - Send Sensor Data: [{'localId': u'13', 'value': u'on', 'sensorType': u'switchOn', 'timeIssued': '2019-01-28 01:28:36', 'deviceId': 71062, 'gatewayId': 71050, 'uid': 17080}]
2019-01-28 01:28:38,064 - api - INFO - Received Sensor Feedback for device 13
2019-01-28 01:28:38,082 - api - INFO - data: {'timestamp': u'2019-01-28 01:28:36', 'setpoint': None, 'type': u'switchOn', 'value': u'off'}
2019-01-28 01:28:38,140 - controller - INFO - Send Sensor Data: [{'localId': u'13', 'value': u'off', 'sensorType': u'switchOn', 'timeIssued': '2019-01-28 01:28:36', 'deviceId': 71062, 'gatewayId': 71050, 'uid': 17080}]
2019-01-28 01:28:38,064 - api - INFO - Received Sensor Feedback for device 13
2019-01-28 01:28:38,082 - api - INFO - data: {'timestamp': u'2019-01-28 01:28:36', 'setpoint': None, 'type': u'switchOn', 'value': u'on'}
2019-01-28 01:28:38,140 - controller - INFO - Send Sensor Data: [{'localId': u'13', 'value': u'on', 'sensorType': u'switchOn', 'timeIssued': '2019-01-28 01:28:36', 'deviceId': 71062, 'gatewayId': 71050, 'uid': 17080}]
2019-01-28 01:28:38,064 - api - INFO - Received Sensor Feedback for device 13
2019-01-28 01:28:38,082 - api - INFO - data: {'timestamp': u'2019-01-28 01:28:36', 'setpoint': None, 'type': u'switchOn', 'value': u'off'}
2019-01-28 01:28:38,140 - controller - INFO - Send Sensor Data: [{'localId': u'13', 'value': u'off', 'sensorType': u'switchOn', 'timeIssued': '2019-01-28 01:28:36', 'deviceId': 71062, 'gatewayId': 71050, 'uid': 17080}]
2019-01-28 01:28:38,064 - api - INFO - Received Sensor Feedback for device 13
2019-01-28 01:28:38,082 - api - INFO - data: {'timestamp': u'2019-01-28 01:28:36', 'setpoint': None, 'type': u'switchOn', 'value': u'on'}
2019-01-28 01:28:38,140 - controller - INFO - Send Sensor Data: [{'localId': u'13', 'value': u'on', 'sensorType': u'switchOn', 'timeIssued': '2019-01-28 01:28:36', 'deviceId': 71062, 'gatewayId': 71050, 'uid': 17080}]
2019-01-28 01:28:38,064 - api - INFO - Received Sensor Feedback for device 13
2019-01-28 01:28:38,082 - api - INFO - data: {'timestamp': u'2019-01-28 01:28:36', 'setpoint': None, 'type': u'switchOn', 'value': u'off'}
2019-01-28 01:28:38,140 - controller - INFO - Send Sensor Data: [{'localId': u'13', 'value': u'off', 'sensorType': u'switchOn', 'timeIssued': '2019-01-28 01:28:36', 'deviceId': 71062, 'gatewayId': 71050, 'uid': 17080}]
2019-01-28 01:28:38,064 - api - INFO - Received Sensor Feedback for device 13
2019-01-28 01:28:38,082 - api - INFO - data: {'timestamp': u'2019-01-28 01:28:36', 'setpoint': None, 'type': u'switchOn', 'value': u'on'}
2019-01-28 01:28:38,140 - controller - INFO - Send Sensor Data: [{'localId': u'13', 'value': u'on', 'sensorType': u'switchOn', 'timeIssued': '2019-01-28 01:28:36', 'deviceId': 71062, 'gatewayId': 71050, 'uid': 17080}]
2019-01-28 01:28:38,064 - api - INFO - Received Sensor Feedback for device 13
2019-01-28 01:28:38,082 - api - INFO - data: {'timestamp': u'2019-01-28 01:28:36', 'setpoint': None, 'type': u'switchOn', 'value': u'off'}
2019-01-28 01:28:38,140 - controller - INFO - Send Sensor Data: [{'localId': u'13', 'value': u'off', 'sensorType': u'switchOn', 'timeIssued': '2019-01-28 01:28:36', 'deviceId': 71062, 'gatewayId': 71050, 'uid': 17080}]
2019-01-28 01:28:38,064 - api - INFO - Received Sensor Feedback for device 13
2019-01-28 01:28:38,082 - api - INFO - data: {'timestamp': u'2019-01-28 01:28:36', 'setpoint': None, 'type': u'switchOn', 'value': u'on'}
2019-01-28 01:28:38,140 - controller - INFO - Send Sensor Data: [{'localId': u'13', 'value': u'on', 'sensorType': u'switchOn', 'timeIssued': '2019-01-28 01:28:36', 'deviceId': 71062, 'gatewayId': 71050, 'uid': 17080}]
2019-01-28 01:28:38,064 - api - INFO - Received Sensor Feedback for device 13
2019-01-28 01:28:38,082 - api - INFO - data: {'timestamp': u'2019-01-28 01:28:36', 'setpoint': None, 'type': u'switchOn', 'value': u'off'}
2019-01-28 01:28:38,140 - controller - INFO - Send Sensor Data: [{'localId': u'13', 'value': u'off', 'sensorType': u'switchOn', 'timeIssued': '2019-01-28 01:28:36', 'deviceId': 71062, 'gatewayId': 71050, 'uid': 17080}]
2019-01-28 01:28:38,064 - api - INFO - Received Sensor Feedback for device 13
2019-01-28 01:28:38,082 - api - INFO - data: {'timestamp': u'2019-01-28 01:28:36', 'setpoint': None, 'type': u'switchOn', 'value': u'on'}
2019-01-28 01:28:38,140 - controller - INFO - Send Sensor Data: [{'localId': u'13', 'value': u'on', 'sensorType': u'switchOn', 'timeIssued': '2019-01-28 01:28:36', 'deviceId': 71062, 'gatewayId': 71050, 'uid': 17080}]
2019-01-28 01:28:38,064 - api - INFO - Received Sensor Feedback for device 13
2019-01-28 01:28:38,082 - api - INFO - data: {'timestamp': u'2019-01-28 01:28:36', 'setpoint': None, 'type': u'switchOn', 'value': u'off'}
2019-01-28 01:28:38,140 - controller - INFO - Send Sensor Data: [{'localId': u'13', 'value': u'off', 'sensorType': u'switchOn', 'timeIssued': '2019-01-28 01:28:36', 'deviceId': 71062, 'gatewayId': 71050, 'uid': 17080}]
2019-01-28 01:28:38,064 - api - INFO - Received Sensor Feedback for device 13
2019-01-28 01:28:38,082 - api - INFO - data: {'timestamp': u'2019-01-28 01:28:36', 'setpoint': None, 'type': u'switchOn', 'value': u'on'}
2019-01-28 01:28:38,140 - controller - INFO - Send Sensor Data: [{'localId': u'13', 'value': u'on', 'sensorType': u'switchOn', 'timeIssued': '2019-01-28 01:28:36', 'deviceId': 71062, 'gatewayId': 71050, 'uid': 17080}]
2019-01-28 01:28:38,064 - api - INFO - Received Sensor Feedback for device 13
2019-01-28 01:28:38,082 - api - INFO - data: {'timestamp': u'2019-01-28 01:28:36', 'setpoint': None, 'type': u'switchOn', 'value': u'off'}
2019-01-28 01:28:38,140 - controller - INFO - Send Sensor Data: [{'localId': u'13', 'value': u'off', 'sensorType': u'switchOn', 'timeIssued': '2019-01-28 01:28:36', 'deviceId': 71062, 'gatewayId': 71050, 'uid': 17080}]
2019-01-28 01:28:38,064 - api - INFO - Received Sensor Feedback for device 13
2019-01-28 01:28:38,082 - api - INFO - data: {'timestamp': u'2019-01-28 01:28:36', 'setpoint': None, 'type': u'switchOn', 'value': u'on'}
2019-01-28 01:28:38,140 - controller - INFO - Send Sensor Data: [{'localId': u'13', 'value': u'on', 'sensorType': u'switchOn', 'timeIssued': '2019-01-28 01:28:36', 'deviceId': 71062, 'gatewayId': 71050, 'uid': 17080}]
2019-01-28 01:28:38,064 - api - INFO - Received Sensor Feedback for device 13
2019-01-28 01:28:38,082 - api - INFO - data: {'timestamp': u'2019-01-28 01:28:36', 'setpoint': None, 'type': u'switchOn', 'value': u'off'}
2019-01-28 01:28:38,140 - controller - INFO - Send Sensor Data: [{'localId': u'13', 'value': u'off', 'sensorType': u'switchOn', 'timeIssued': '2019-01-28 01:28:36', 'deviceId': 71062, 'gatewayId': 71050, 'uid': 17080}]
2019-01-28 01:28:38,064 - api - INFO - Received Sensor Feedback for device 13
2019-01-28 01:28:38,082 - api - INFO - data: {'timestamp': u'2019-01-28 01:28:36', 'setpoint': None, 'type': u'switchOn', 'value': u'on'}
2019-01-28 01:28:38,140 - controller - INFO - Send Sensor Data: [{'localId': u'13', 'value': u'on', 'sensorType': u'switchOn', 'timeIssued': '2019-01-28 01:28:36', 'deviceId': 71062, 'gatewayId': 71050, 'uid': 17080}]
2019-01-28 01:28:38,064 - api - INFO - Received Sensor Feedback for device 13
2019-01-28 01:28:38,082 - api - INFO - data: {'timestamp': u'2019-01-28 01:28:36', 'setpoint': None, 'type': u'switchOn', 'value': u'off'}
2019-01-28 01:28:38,140 - controller - INFO - Send Sensor Data: [{'localId': u'13', 'value': u'off', 'sensorType': u'switchOn', 'timeIssued': '2019-01-28 01:28:36', 'deviceId': 71062, 'gatewayId': 71050, 'uid': 17080}]
2019-01-28 01:28:38,064 - api - INFO - Received Sensor Feedback for device 13
2019-01-28 01:28:38,082 - api - INFO - data: {'timestamp': u'2019-01-28 01:28:36', 'setpoint': None, 'type': u'switchOn', 'value': u'on'}
2019-01-28 01:28:38,140 - controller - INFO - Send Sensor Data: [{'localId': u'13', 'value': u'on', 'sensorType': u'switchOn', 'timeIssued': '2019-01-28 01:28:36', 'deviceId': 71062, 'gatewayId': 71050, 'uid': 17080}]
2019-01-28 01:28:38,064 - api - INFO - Received Sensor Feedback for device 13
2019-01-28 01:28:38,082 - api - INFO - data: {'timestamp': u'2019-01-28 01:28:36', 'setpoint': None, 'type': u'switchOn', 'value': u'off'}
2019-01-28 01:28:38,140 - controller - INFO - Send Sensor Data: [{'localId': u'13', 'value': u'off', 'sensorType': u'switchOn', 'timeIssued': '2019-01-28 01:28:36', 'deviceId': 71062, 'gatewayId': 71050, 'uid': 17080}]
2019-01-28 01:28:38,064 - api - INFO - Received Sensor Feedback for device 13
2019-01-28 01:28:38,082 - api - INFO - data: {'timestamp': u'2019-01-28 01:28:36', 'setpoint': None, 'type': u'switchOn', 'value': u'on'}
2019-01-28 01:28:38,140 - controller - INFO - Send Sensor Data: [{'localId': u'13', 'value': u'on', 'sensorType': u'switchOn', 'timeIssued': '2019-01-28 01:28:36', 'deviceId': 71062, 'gatewayId': 71050, 'uid': 17080}]
2019-01-28 01:28:38,064 - api - INFO - Received Sensor Feedback for device 13
2019-01-28 01:28:38,082 - api - INFO - data: {'timestamp': u'2019-01-28 01:28:36', 'setpoint': None, 'type': u'switchOn', 'value': u'off'}
2019-01-28 01:28:38,140 - controller - INFO - Send Sensor Data: [{'localId': u'13', 'value': u'off', 'sensorType': u'switchOn', 'timeIssued': '2019-01-28 01:28:36', 'deviceId': 71062, 'gatewayId': 71050, 'uid': 17080}]
2019-01-28 01:28:38,064 - api - INFO - Received Sensor Feedback for device 13
2019-01-28 01:28:38,082 - api - INFO - data: {'timestamp': u'2019-01-28 01:28:36', 'setpoint': None, 'type': u'switchOn', 'value': u'on'}
2019-01-28 01:28:38,140 - controller - INFO - Send Sensor Data: [{'localId': u'13', 'value': u'on', 'sensorType': u'switchOn', 'timeIssued': '2019-01-28 01:28:36', 'deviceId': 71062, 'gatewayId': 71050, 'uid': 17080}]
2019-01-28 01:28:38,064 - api - INFO - Received Sensor Feedback for device 13
2019-01-28 01:28:38,082 - api - INFO - data: {'timestamp': u'2019-01-28 01:28:36', 'setpoint': None, 'type': u'switchOn', 'value': u'off'}
2019-01-28 01:28:38,140 - controller - INFO - Send Sensor Data: [{'localId': u'13', 'value': u'off', 'sensorType': u'switchOn', 'timeIssued': '2019-01-28 01:28:36', 'deviceId': 71062, 'gatewayId': 71050, 'uid': 17080}]
2019-01-28 01:28:38,064 - api - INFO - Received Sensor Feedback for device 13
2019-01-28 01:28:38,082 - api - INFO - data: {'timestamp': u'2019-01-28 01:28:36', 'setpoint': None, 'type': u'switchOn', 'value': u'on'}
2019-01-28 01:28:38,140 - controller - INFO - Send Sensor Data: [{'localId': u'13', 'value': u'on', 'sensorType': u'switchOn', 'timeIssued': '2019-01-28 01:28:36', 'deviceId': 71062, 'gatewayId': 71050, 'uid': 17080}]
2019-01-28 01:28:38,064 - api - INFO - Received Sensor Feedback for device 13
2019-01-28 01:28:38,082 - api - INFO - data: {'timestamp': u'2019-01-28 01:28:36', 'setpoint': None, 'type': u'switchOn', 'value': u'off'}
2019-01-28 01:28:38,140 - controller - INFO - Send Sensor Data: [{'localId': u'13', 'value': u'off', 'sensorType': u'switchOn', 'timeIssued': '2019-01-28 01:28:36', 'deviceId': 71062, 'gatewayId': 71050, 'uid': 17080}]
2019-01-28 01:28:38,064 - api - INFO - Received Sensor Feedback for device 13
2019-01-28 01:28:38,082 - api - INFO - data: {'timestamp': u'2019-01-28 01:28:36', 'setpoint': None, 'type': u'switchOn', 'value': u'on'}
2019-01-28 01:28:38,140 - controller - INFO - Send Sensor Data: [{'localId': u'13', 'value': u'on', 'sensorType': u'switchOn', 'timeIssued': '2019-01-28 01:28:36', 'deviceId': 71062, 'gatewayId': 71050, 'uid': 17080}]
2019-01-28 01:28:38,064 - api - INFO - Received Sensor Feedback for device 13
2019-01-28 01:28:38,082 - api - INFO - data: {'timestamp': u'2019-01-28 01:28:36', 'setpoint': None, 'type': u'switchOn', 'value': u'off'}
2019-01-28 01:28:38,140 - controller - INFO - Send Sensor Data: [{'localId': u'13', 'value': u'off', 'sensorType': u'switchOn', 'timeIssued': '2019-01-28 01:28:36', 'deviceId': 71062, 'gatewayId': 71050, 'uid': 17080}]
2019-01-28 01:28:38,064 - api - INFO - Received Sensor Feedback for device 13
2019-01-28 01:28:38,082 - api - INFO - data: {'timestamp': u'2019-01-28 01:28:36', 'setpoint': None, 'type': u'switchOn', 'value': u'on'}
2019-01-28 01:28:38,140 - controller - INFO - Send Sensor Data: [{'localId': u'13', 'value': u'on', 'sensorType': u'switchOn', 'timeIssued': '2019-01-28 01:28:36', 'deviceId': 71062, 'gatewayId': 71050, 'uid': 17080}]
2019-01-28 01:28:38,064 - api - INFO - Received Sensor Feedback for device 13
2019-01-28 01:28:38,082 - api - INFO - data: {'timestamp': u'2019-01-28 01:28:36', 'setpoint': None, 'type': u'switchOn', 'value': u'off'}
2019-01-28 01:28:38,140 - controller - INFO - Send Sensor Data: [{'localId': u'13', 'value': u'off', 'sensorType': u'switchOn', 'timeIssued': '2019-01-28 01:28:36', 'deviceId': 71062, 'gatewayId': 71050, 'uid': 17080}]
2019-01-28 01:28:38,064 - api - INFO - Received Sensor Feedback for device 13
2019-01-28 01:28:38,082 - api - INFO - data: {'timestamp': u'2019-01-28 01:28:36', 'setpoint': None, 'type': u'switchOn', 'value': u'on'}
2019-01-28 01:28:38,140 - controller - INFO - Send Sensor Data: [{'localId': u'13', 'value': u'on', 'sensorType': u'switchOn', 'timeIssued': '2019-01-28 01:28:36', 'deviceId': 71062, 'gatewayId': 71050, 'uid': 17080}]
2019-01-28 01:28:38,064 - api - INFO - Received Sensor Feedback for device 13
2019-01-28 01:28:38,082 - api - INFO - data: {'timestamp': u'2019-01-28 01:28:36', 'setpoint': None, 'type': u'switchOn', 'value': u'off'}
2019-01-28 01:28:38,140 - controller - INFO - Send Sensor Data: [{'localId': u'13', 'value': u'off', 'sensorType': u'switchOn', 'timeIssued': '2019-01-28 01:28:36', 'deviceId': 71062, 'gatewayId': 71050, 'uid': 17080}]
2019-01-28 01:28:38,064 - api - INFO - Received Sensor Feedback for device 13
2019-01-28 01:28:38,082 - api - INFO - data: {'timestamp': u'2019-01-28 01:28:36', 'setpoint': None, 'type': u'switchOn', 'value': u'on'}
2019-01-28 01:28:38,140 - controller - INFO - Send Sensor Data: [{'localId': u'13', 'value': u'on', 'sensorType': u'switchOn', 'timeIssued': '2019-01-28 01:28:36', 'deviceId': 71062, 'gatewayId': 71050, 'uid': 17080}]
2019-01-28 01:28:38,064 - api - INFO - Received Sensor Feedback for device 13
2019-01-28 01:28:38,082 - api - INFO - data: {'timestamp': u'2019-01-28 01:28:36', 'setpoint': None, 'type': u'switchOn', 'value': u'off'}
2019-01-28 01:28:38,140 - controller - INFO - Send Sensor Data: [{'localId': u'13', 'value': u'off', 'sensorType': u'switchOn', 'timeIssued': '2019-01-28 01:28:36', 'deviceId': 71062, 'gatewayId': 71050, 'uid': 17080}]
2019-01-28 01:28:38,064 - api - INFO - Received Sensor Feedback for device 13
2019-01-28 01:28:38,082 - api - INFO - data: {'timestamp': u'2019-01-28 01:28:36', 'setpoint': None, 'type': u'switchOn', 'value': u'on'}
2019-01-28 01:28:38,140 - controller - INFO - Send Sensor Data: [{'localId': u'13', 'value': u'on', 'sensorType': u'switchOn', 'timeIssued': '2019-01-28 01:28:36', 'deviceId': 71062, 'gatewayId': 71050, 'uid': 17080}]
2019-01-28 01:28:38,064 - api - INFO - Received Sensor Feedback for device 13
2019-01-28 01:28:38,082 - api - INFO - data: {'timestamp': u'2019-01-28 01:28:36', 'setpoint': None, 'type': u'switchOn', 'value': u'off'}
2019-01-28 01:28:38,140 - controller - INFO - Send Sensor Data: [{'localId': u'13', 'value': u'off', 'sensorType': u'switchOn', 'timeIssued': '2019-01-28 01:28:36', 'deviceId': 71062, 'gatewayId': 71050, 'uid': 17080}]
2019-01-28 01:28:38,064 - api - INFO - Received Sensor Feedback for device 13
2019-01-28 01:28:38,082 - api - INFO - data: {'timestamp': u'2019-01-28 01:28:36', 'setpoint': None, 'type': u'switchOn', 'value': u'on'}
2019-01-28 01:28:38,140 - controller - INFO - Send Sensor Data: [{'localId': u'13', 'value': u'on', 'sensorType': u'switchOn', 'timeIssued': '2019-01-28 01:28:36', 'deviceId': 71062, 'gatewayId': 71050, 'uid': 17080}]
2019-01-28 01:28:38,064 - api - INFO - Received Sensor Feedback for device 13
2019-01-28 01:28:38,082 - api - INFO - data: {'timestamp': u'2019-01-28 01:28:36', 'setpoint': None, 'type': u'switchOn', 'value': u'off'}
2019-01-28 01:28:38,140 - controller - INFO - Send Sensor Data: [{'localId': u'13', 'value': u'off', 'sensorType': u'switchOn', 'timeIssued': '2019-01-28 01:28:36', 'deviceId': 71062, 'gatewayId': 71050, 'uid': 17080}]
2019-01-28 01:28:38,064 - api - INFO - Received Sensor Feedback for device 13
2019-01-28 01:28:38,082 - api - INFO - data: {'timestamp': u'2019-01-28 01:28:36', 'setpoint': None, 'type': u'switchOn', 'value': u'on'}
2019-01-28 01:28:38,140 - controller - INFO - Send Sensor Data: [{'localId': u'13', 'value': u'on', 'sensorType': u'switchOn', 'timeIssued': '2019-01-28 01:28:36', 'deviceId': 71062, 'gatewayId': 71050, 'uid': 17080}]
2019-01-28 01:28:38,064 - api - INFO - Received Sensor Feedback for device 13
2019-01-28 01:28:38,082 - api - INFO - data: {'timestamp': u'2019-01-28 01:28:36', 'setpoint': None, 'type': u'switchOn', 'value': u'off'}
2019-01-28 01:28:38,140 - controller - INFO - Send Sensor Data: [{'localId': u'13', 'value': u'off', 'sensorType': u'switchOn', 'timeIssued': '2019-01-28 01:28:36', 'deviceId': 71062, 'gatewayId': 71050, 'uid': 17080}]
2019-01-28 01:28:38,064 - api - INFO - Received Sensor Feedback for device 13
2019-01-28 01:28:38,082 - api - INFO - data: {'timestamp': u'2019-01-28 01:28:36', 'setpoint': None, 'type': u'switchOn', 'value': u'on'}
2019-01-28 01:28:38,140 - controller - INFO - Send Sensor Data: [{'localId': u'13', 'value': u'on', 'sensorType': u'switchOn', 'timeIssued': '2019-01-28 01:28:36', 'deviceId': 71062, 'gatewayId': 71050, 'uid': 17080}]
2019-01-28 01:28:38,064 - api - INFO - Received Sensor Feedback for device 13
2019-01-28 01:28:38,082 - api - INFO - data: {'timestamp': u'2019-01-28 01:28:36', 'setpoint': None, 'type': u'switchOn', 'value': u'off'}
2019-01-28 01:28:38,140 - controller - INFO - Send Sensor Data: [{'localId': u'13', 'value': u'off', 'sensorType': u'switchOn', 'timeIssued': '2019-01-28 01:28:36', 'deviceId': 71062, 'gatewayId': 71050, 'uid': 17080}]
2019-01-28 01:28:38,064 - api - INFO - Received Sensor Feedback for device 13
2019-01-28 01:28:38,082 - api - INFO - data: {'timestamp': u'2019-01-28 01:28:36', 'setpoint': None, 'type': u'switchOn', 'value': u'on'}
2019-01-28 01:28:38,140 - controller - INFO - Send Sensor Data: [{'localId': u'13', 'value': u'on', 'sensorType': u'switchOn', 'timeIssued': '2019-01-28 01:28:36', 'deviceId': 71062, 'gatewayId': 71050, 'uid': 17080}]
2019-01-28 01:28:38,064 - api - INFO - Received Sensor Feedback for device 13
2019-01-28 01:28:38,082 - api - INFO - data: {'timestamp': u'2019-01-28 01:28:36', 'setpoint': None, 'type': u'switchOn', 'value': u'off'}
2019-01-28 01:28:38,140 - controller - INFO - Send Sensor Data: [{'localId': u'13', 'value': u'off', 'sensorType': u'switchOn', 'timeIssued': '2019-01-28 01:28:36', 'deviceId': 71062, 'gatewayId': 71050, 'uid': 17080}]
2019-01-28 01:28:38,064 - api - INFO - Received Sensor Feedback for device 13
2019-01-28 01:28:38,082 - api - INFO - data: {'timestamp': u'2019-01-28 01:28:36', 'setpoint': None, 'type': u'switchOn', 'value': u'on'}
2019-01-28 01:28:38,140 - controller - INFO - Send Sensor Data: [{'localId': u'13', 'value': u'on', 'sensorType': u'switchOn', 'timeIssued': '2019-01-28 01:28:36', 'deviceId': 71062, 'gatewayId': 71050, 'uid': 17080}]
2019-01-28 01:28:38,064 - api - INFO - Received Sensor Feedback for device 13
2019-01-28 01:28:38,082 - api - INFO - data: {'timestamp': u'2019-01-28 01:28:36', 'setpoint': None, 'type': u'switchOn', 'value': u'off'}
2019-01-28 01:28:38,140 - controller - INFO - Send Sensor Data: [{'localId': u'13', 'value': u'off', 'sensorType': u'switchOn', 'timeIssued': '2019-01-28 01:28:36', 'deviceId': 71062, 'gatewayId': 71050, 'uid': 17080}]
2019-01-28 01:28:38,064 - api - INFO - Received Sensor Feedback for device 13
2019-01-28 01:28:38,082 - api - INFO - data: {'timestamp': u'2019-01-28 01:28:36', 'setpoint': None, 'type': u'switchOn', 'value': u'on'}
2019-01-28 01:28:38,140 - controller - INFO - Send Sensor Data: [{'localId': u'13', 'value': u'on', 'sensorType': u'switchOn', 'timeIssued': '2019-01-28 01:28:36', 'deviceId': 71062, 'gatewayId': 71050, 'uid': 17080}]
2019-01-28 01:28:38,064 - api - INFO - Received Sensor Feedback for device 13
2019-01-28 01:28:38,082 - api - INFO - data: {'timestamp': u'2019-01-28 01:28:36', 'setpoint': None, 'type': u'switchOn', 'value': u'off'}
2019-01-28 01:28:38,140 - controller - INFO - Send Sensor Data: [{'localId': u'13', 'value': u'off', 'sensorType': u'switchOn', 'timeIssued': '2019-01-28 01:28:36', 'deviceId': 71062, 'gatewayId': 71050, 'uid': 17080}]
2019-01-28 01:28:38,064 - api - INFO - Received Sensor Feedback for device 13
2019-01-28 01:28:38,082 - api - INFO - data: {'timestamp': u'2019-01-28 01:28:36', 'setpoint': None, 'type': u'switchOn', 'value': u'on'}
2019-01-28 01:28:38,140 - controller - INFO - Send Sensor Data: [{'localId': u'13', 'value': u'on', 'sensorType': u'switchOn', 'timeIssued': '2019-01-28 01:28:36', 'deviceId': 71062, 'gatewayId': 71050, 'uid': 17080}]
2019-01-28 01:28:38,064 - api - INFO - Received Sensor Feedback for device 13
2019-01-28 01:28:38,082 - api - INFO - data: {'timestamp': u'2019-01-28 01:28:36', 'setpoint': None, 'type': u'switchOn', 'value': u'off'}
2019-01-28 01:28:38,140 - controller - INFO - Send Sensor Data: [{'localId': u'13', 'value': u'off', 'sensorType': u'switchOn', 'timeIssued': '2019-01-28 01:28:36', 'deviceId': 71062, 'gatewayId': 71050, 'uid': 17080}]
tail: cannot open ‘/home/dwelo/app.log’ for reading: No such file or directory
tail: no files remaining
tail: cannot open ‘/home/dwelo/app.log’ for reading: No such file or directory
tail: no files remaining
tail: cannot open ‘/home/dwelo/app.log’ for reading: No such file or directory
tail: no files remaining
2019-02-09 20:15:07,417 - controller - INFO - Send Sensor Data: [{'localId': u'14', 'value': u'67.0', 'sensorType': u'temperature', 'timeIssued': '2019-02-09 20:15:05', 'deviceId': 71063, 'gatewayId': 71050, 'uid': 18263}]
127.0.0.1 - - [2019-02-09 20:15:07] "POST /api/devices/14 HTTP/1.1" 201 131 0.649169
2019-02-09 20:19:43,250 - api - INFO - Received Sensor Feedback for device 14
2019-02-09 20:19:43,270 - api - INFO - data: {'timestamp': u'2019-02-09 20:19:41', 'setpoint': None, 'type': u'temperature', 'value': u'68.0'}
2019-02-09 20:19:43,501 - controller - INFO - Send Sensor Data: [{'localId': u'14', 'value': u'68.0', 'sensorType': u'temperature', 'timeIssued': '2019-02-09 20:19:41', 'deviceId': 71063, 'gatewayId': 71050, 'uid': 18264}]
127.0.0.1 - - [2019-02-09 20:19:43] "POST /api/devices/14 HTTP/1.1" 201 131 0.641079
2019-02-09 20:33:55,302 - api - INFO - Received Sensor Feedback for device 14
2019-02-09 20:33:55,321 - api - INFO - data: {'timestamp': u'2019-02-09 20:33:53', 'setpoint': None, 'type': u'temperature', 'value': u'67.0'}
2019-02-09 20:33:55,561 - controller - INFO - Send Sensor Data: [{'localId': u'14', 'value': u'67.0', 'sensorType': u'temperature', 'timeIssued': '2019-02-09 20:33:53', 'deviceId': 71063, 'gatewayId': 71050, 'uid': 18265}]
127.0.0.1 - - [2019-02-09 20:33:55] "POST /api/devices/14 HTTP/1.1" 201 131 0.674985
^C